Base path: /Applications/Unity/Unity.app/Contents
Cmd: initializeCompiler
Cmd: compileComputeKernel
  api=4 insize=1386 outsize=585 ok=1
Cmd: compileComputeKernel
  api=4 insize=3182 outsize=2253 ok=1
Cmd: translateComputeKernel
  api=14 insize=6597 outsize=1561 ok=1
Cmd: compileComputeKernel
  api=4 insize=1484 outsize=1533 ok=1
Cmd: compileComputeKernel
  api=14 insize=2285 outsize=7253 ok=1
Cmd: translateComputeKernel
  api=14 insize=7253 outsize=3137 ok=1
Cmd: compileComputeKernel
  api=14 insize=1435 outsize=7377 ok=1
Cmd: translateComputeKernel
  api=14 insize=7377 outsize=3117 ok=1
Cmd: compileComputeKernel
  api=4 insize=3273 outsize=593 ok=1
Cmd: compileComputeKernel
  api=14 insize=3273 outsize=7849 ok=1
Cmd: compileComputeKernel
  api=14 insize=3273 outsize=6525 ok=1
Cmd: compileComputeKernel
  api=4 insize=1526 outsize=349 ok=1
Cmd: compileComputeKernel
  api=14 insize=1526 outsize=781 ok=1
Cmd: translateComputeKernel
  api=14 insize=873 outsize=909 ok=1
Cmd: compileComputeKernel
  api=4 insize=2343 outsize=1341 ok=1
