Base path: /Applications/Unity/Unity.app/Contents
Cmd: initializeCompiler
Cmd: compileComputeKernel
  api=14 insize=1386 outsize=7377 ok=1
Cmd: translateComputeKernel
  api=14 insize=7377 outsize=3117 ok=1
Cmd: compileComputeKernel
  api=4 insize=3182 outsize=593 ok=1
Cmd: compileComputeKernel
  api=14 insize=3182 outsize=7849 ok=1
Cmd: compileComputeKernel
  api=14 insize=3182 outsize=6525 ok=1
Cmd: translateComputeKernel
  api=14 insize=8257 outsize=8537 ok=1
Cmd: compileComputeKernel
  api=14 insize=1484 outsize=7429 ok=1
Cmd: translateComputeKernel
  api=14 insize=7429 outsize=3537 ok=1
Cmd: compileComputeKernel
  api=4 insize=1435 outsize=585 ok=1
Cmd: compileComputeKernel
  api=14 insize=1435 outsize=6429 ok=1
Cmd: compileComputeKernel
  api=4 insize=3273 outsize=2253 ok=1
Cmd: translateComputeKernel
  api=14 insize=8257 outsize=8537 ok=1
Cmd: compileComputeKernel
  api=14 insize=1526 outsize=7429 ok=1
Cmd: translateComputeKernel
  api=14 insize=7429 outsize=3537 ok=1

Quitting shader compiler process
